<?xml version="1.0" encoding="UTF-8"?>
<testsuite xmlns:xsi="http://www.w3.org/2001/XMLSchema-instance" xsi:noNamespaceSchemaLocation="https://maven.apache.org/surefire/maven-surefire-plugin/xsd/surefire-test-report.xsd" name="TestSuite" time="42.273" tests="36" errors="0" skipped="0" failures="3">
  <properties>
[...]
</properties>
  <testcase name="shouldCreatControllerAddToShoppingCart" classname="ru.belyaev.controller.ajax.AddToShoppingCartControllerTest" time="0.001"/>
  <testcase name="shouldReturnJsonObject" classname="ru.belyaev.controller.ajax.AddToShoppingCartControllerTest" time="0.32">
    <failure message="&#10;Parameter &apos;productId&apos; is required by @Test on method shouldReturnJsonObject but has not been marked @Optional or defined&#10;" type="org.testng.TestNGException">org.testng.TestNGException: 

Parameter 'productId' is required by @Test on method shouldReturnJsonObject but has not been marked @Optional or defined

</failure>
    <system-err><![CDATA[[Utils] [ERROR] [Error] org.testng.TestNGException: 
Parameter &apos;productId&apos; is required by @Test on method shouldReturnJsonObject but has not been marked @Optional or defined

	at org.testng.internal.Parameters.createParams(Parameters.java:272)
	at org.testng.internal.Parameters.createParametersForMethod(Parameters.java:360)
	at org.testng.internal.Parameters.createParameters(Parameters.java:704)
	at org.testng.internal.Parameters.handleParameters(Parameters.java:879)
	at org.testng.internal.Parameters.handleParameters(Parameters.java:744)
	at org.testng.internal.ParameterHandler.handleParameters(ParameterHandler.java:59)
	at org.testng.internal.ParameterHandler.createParameters(ParameterHandler.java:38)
	at org.testng.internal.TestInvoker$MethodInvocationAgent.invoke(TestInvoker.java:783)
	at org.testng.internal.TestInvoker.invokeTestMethods(TestInvoker.java:146)
	at org.testng.internal.TestMethodWorker.invokeTestMethods(TestMethodWorker.java:146)
	at org.testng.internal.TestMethodWorker.run(TestMethodWorker.java:128)
	at java.base/java.util.ArrayList.forEach(ArrayList.java:1511)
	at org.testng.TestRunner.privateRun(TestRunner.java:766)
	at org.testng.TestRunner.run(TestRunner.java:587)
	at org.testng.SuiteRunner.runTest(SuiteRunner.java:384)
	at org.testng.SuiteRunner.runSequentially(SuiteRunner.java:378)
	at org.testng.SuiteRunner.privateRun(SuiteRunner.java:337)
	at org.testng.SuiteRunner.run(SuiteRunner.java:286)
	at org.testng.SuiteRunnerWorker.runSuite(SuiteRunnerWorker.java:53)
	at org.testng.SuiteRunnerWorker.run(SuiteRunnerWorker.java:96)
	at org.testng.TestNG.runSuitesSequentially(TestNG.java:1187)
	at org.testng.TestNG.runSuitesLocally(TestNG.java:1109)
	at org.testng.TestNG.runSuites(TestNG.java:1039)
	at org.testng.TestNG.run(TestNG.java:1007)
	at org.apache.maven.surefire.testng.TestNGExecutor.run(TestNGExecutor.java:135)
	at org.apache.maven.surefire.testng.TestNGDirectoryTestSuite.executeMulti(TestNGDirectoryTestSuite.java:193)
	at org.apache.maven.surefire.testng.TestNGDirectoryTestSuite.execute(TestNGDirectoryTestSuite.java:94)
	at org.apache.maven.surefire.testng.TestNGProvider.invoke(TestNGProvider.java:146)
	at org.apache.maven.surefire.booter.ForkedBooter.invokeProviderInSameClassLoader(ForkedBooter.java:384)
	at org.apache.maven.surefire.booter.ForkedBooter.runSuitesInProcess(ForkedBooter.java:345)
	at org.apache.maven.surefire.booter.ForkedBooter.execute(ForkedBooter.java:126)
	at org.apache.maven.surefire.booter.ForkedBooter.main(ForkedBooter.java:418)

]]></system-err>
  </testcase>
  <testcase name="controllerIsCreated" classname="ru.belyaev.controller.ajax.RemoveFromShoppingCartControllerTest" time="0"/>
  <testcase name="shouldReturnJsonObject" classname="ru.belyaev.controller.ajax.RemoveFromShoppingCartControllerTest" time="0.202">
    <failure message="&#10;Parameter &apos;productId&apos; is required by @Test on method shouldReturnJsonObject but has not been marked @Optional or defined&#10;" type="org.testng.TestNGException">org.testng.TestNGException: 

Parameter 'productId' is required by @Test on method shouldReturnJsonObject but has not been marked @Optional or defined

</failure>
    <system-err><![CDATA[[Utils] [ERROR] [Error] org.testng.TestNGException: 
Parameter &apos;productId&apos; is required by @Test on method shouldReturnJsonObject but has not been marked @Optional or defined

	at org.testng.internal.Parameters.createParams(Parameters.java:272)
	at org.testng.internal.Parameters.createParametersForMethod(Parameters.java:360)
	at org.testng.internal.Parameters.createParameters(Parameters.java:704)
	at org.testng.internal.Parameters.handleParameters(Parameters.java:879)
	at org.testng.internal.Parameters.handleParameters(Parameters.java:744)
	at org.testng.internal.ParameterHandler.handleParameters(ParameterHandler.java:59)
	at org.testng.internal.ParameterHandler.createParameters(ParameterHandler.java:38)
	at org.testng.internal.TestInvoker$MethodInvocationAgent.invoke(TestInvoker.java:783)
	at org.testng.internal.TestInvoker.invokeTestMethods(TestInvoker.java:146)
	at org.testng.internal.TestMethodWorker.invokeTestMethods(TestMethodWorker.java:146)
	at org.testng.internal.TestMethodWorker.run(TestMethodWorker.java:128)
	at java.base/java.util.ArrayList.forEach(ArrayList.java:1511)
	at org.testng.TestRunner.privateRun(TestRunner.java:766)
	at org.testng.TestRunner.run(TestRunner.java:587)
	at org.testng.SuiteRunner.runTest(SuiteRunner.java:384)
	at org.testng.SuiteRunner.runSequentially(SuiteRunner.java:378)
	at org.testng.SuiteRunner.privateRun(SuiteRunner.java:337)
	at org.testng.SuiteRunner.run(SuiteRunner.java:286)
	at org.testng.SuiteRunnerWorker.runSuite(SuiteRunnerWorker.java:53)
	at org.testng.SuiteRunnerWorker.run(SuiteRunnerWorker.java:96)
	at org.testng.TestNG.runSuitesSequentially(TestNG.java:1187)
	at org.testng.TestNG.runSuitesLocally(TestNG.java:1109)
	at org.testng.TestNG.runSuites(TestNG.java:1039)
	at org.testng.TestNG.run(TestNG.java:1007)
	at org.apache.maven.surefire.testng.TestNGExecutor.run(TestNGExecutor.java:135)
	at org.apache.maven.surefire.testng.TestNGDirectoryTestSuite.executeMulti(TestNGDirectoryTestSuite.java:193)
	at org.apache.maven.surefire.testng.TestNGDirectoryTestSuite.execute(TestNGDirectoryTestSuite.java:94)
	at org.apache.maven.surefire.testng.TestNGProvider.invoke(TestNGProvider.java:146)
	at org.apache.maven.surefire.booter.ForkedBooter.invokeProviderInSameClassLoader(ForkedBooter.java:384)
	at org.apache.maven.surefire.booter.ForkedBooter.runSuitesInProcess(ForkedBooter.java:345)
	at org.apache.maven.surefire.booter.ForkedBooter.execute(ForkedBooter.java:126)
	at org.apache.maven.surefire.booter.ForkedBooter.main(ForkedBooter.java:418)

]]></system-err>
  </testcase>
  <testcase name="controllerIsCreated" classname="ru.belyaev.controller.ajax.SearchControllerTest" time="0"/>
  <testcase name="shouldReturnJsonObject" classname="ru.belyaev.controller.ajax.SearchControllerTest" time="0.22"/>
  <testcase name="controllerIsCreated" classname="ru.belyaev.controller.AuthenticationControllerTest" time="0"/>
  <testcase name="shouldAddUserToDB" classname="ru.belyaev.controller.AuthenticationControllerTest" time="0.108"/>
  <testcase name="shouldReturnLoginView" classname="ru.belyaev.controller.AuthenticationControllerTest" time="0.116"/>
  <testcase name="shouldReturnRegistrationView" classname="ru.belyaev.controller.AuthenticationControllerTest" time="0.191"/>
  <testcase name="controllerIsCreated" classname="ru.belyaev.controller.ProductControllerTest" time="0"/>
  <testcase name="shouldCallView" classname="ru.belyaev.controller.ProductControllerTest" time="0.084">
    <failure message="View name expected:&lt;home&gt; but was:&lt;errorPage&gt;" type="java.lang.AssertionError"><![CDATA[java.lang.AssertionError: View name expected:<home> but was:<errorPage>
	at ru.belyaev.controller.ProductControllerTest.shouldCallView(ProductControllerTest.java:87)
]]></failure>
    <system-out><![CDATA[12:34:05.230 [main] INFO  o.s.mock.web.MockServletContext - Initializing Spring TestDispatcherServlet ''
12:34:05.231 [main] INFO  o.s.t.w.s.TestDispatcherServlet - Initializing Servlet ''
12:34:05.231 [main] INFO  o.s.t.w.s.TestDispatcherServlet - Completed initialization in 0 ms
200

MockHttpServletRequest:
      HTTP Method = GET
      Request URI = /
       Parameters = {}
          Headers = []
             Body = <no character encoding set>
    Session Attrs = {}

Handler:
             Type = ru.belyaev.controller.ProductController
           Method = ru.belyaev.controller.ProductController#showAllProduct(Model, HttpSession)

Async:
    Async started = false
     Async result = null

Resolved Exception:
             Type = java.lang.NullPointerException

ModelAndView:
        View name = errorPage
             View = null
        Attribute = status
            value = 404

FlashMap:
       Attributes = null

MockHttpServletResponse:
           Status = 200
    Error message = null
          Headers = [Content-Language:"en"]
     Content type = null
             Body = 
    Forwarded URL = errorPage
   Redirected URL = null
          Cookies = []
]]></system-out>
  </testcase>
  <testcase name="checkViewName" classname="ru.belyaev.controller.SearchTextControllerTest" time="0.092"/>
  <testcase name="controllerIsCreated" classname="ru.belyaev.controller.SearchTextControllerTest" time="0"/>
  <testcase name="controllerIsCreated" classname="ru.belyaev.controller.ShoppingCartControllerTest" time="0.001"/>
  <testcase name="shouldReturnViewShoppingCart" classname="ru.belyaev.controller.ShoppingCartControllerTest" time="0.066"/>
  <testcase name="shouldThrowExceptionWhenShoppingCartIsNull" classname="ru.belyaev.service.impl.OrderServiceImplTest" time="0"/>
  <testcase name="testMakeOrder" classname="ru.belyaev.service.impl.OrderServiceImplTest" time="0"/>
  <testcase name="testCountAllProduct" classname="ru.belyaev.service.impl.ProductServiceImplTest" time="0"/>
  <testcase name="testCountProductBySearchFilter" classname="ru.belyaev.service.impl.ProductServiceImplTest" time="0"/>
  <testcase name="testCountProductForSearchTextForm" classname="ru.belyaev.service.impl.ProductServiceImplTest" time="0"/>
  <testcase name="testFindProductForSearchTextForm" classname="ru.belyaev.service.impl.ProductServiceImplTest" time="0"/>
  <testcase name="testListAllProducts" classname="ru.belyaev.service.impl.ProductServiceImplTest" time="0"/>
  <testcase name="testProductBySearchFilter" classname="ru.belyaev.service.impl.ProductServiceImplTest" time="0"/>
  <testcase name="testShowMaxHeight" classname="ru.belyaev.service.impl.ProductServiceImplTest" time="0"/>
  <testcase name="testShowMaxLength" classname="ru.belyaev.service.impl.ProductServiceImplTest" time="0"/>
  <testcase name="testShowMaxPrice" classname="ru.belyaev.service.impl.ProductServiceImplTest" time="0"/>
  <testcase name="testShowMaxWidth" classname="ru.belyaev.service.impl.ProductServiceImplTest" time="0"/>
  <testcase name="testShowMinHeight" classname="ru.belyaev.service.impl.ProductServiceImplTest" time="0"/>
  <testcase name="testShowMinLength" classname="ru.belyaev.service.impl.ProductServiceImplTest" time="0"/>
  <testcase name="testShowMinPrice" classname="ru.belyaev.service.impl.ProductServiceImplTest" time="0"/>
  <testcase name="testShowMinWidth" classname="ru.belyaev.service.impl.ProductServiceImplTest" time="0"/>
  <testcase name="testShowProductPageByProductId" classname="ru.belyaev.service.impl.ProductServiceImplTest" time="0"/>
  <testcase name="testAddToShoppingCart" classname="ru.belyaev.service.impl.ShoppingCartServiceImplTest" time="0.03"/>
  <testcase name="testRemoveFromShoppingCart" classname="ru.belyaev.service.impl.ShoppingCartServiceImplTest" time="0.079"/>
  <testcase name="testAddUser" classname="ru.belyaev.service.impl.UserServiceImplTest" time="0.058"/>
</testsuite>